  [4;36;1mSQL (0.3ms)[0m   [0;1m SELECT name
 FROM sqlite_master
 WHERE type = 'table' AND NOT name = 'sqlite_sequence'
[0m
  [4;35;1mSQL (12.5ms)[0m   [0mselect sqlite_version(*)[0m
  [4;36;1mSQL (2.7ms)[0m   [0;1mCREATE TABLE "schema_migrations" ("version" varchar(255) NOT NULL) [0m
  [4;35;1mSQL (2.6ms)[0m   [0mCREATE UNIQUE INDEX "unique_schema_migrations" ON "schema_migrations" ("version")[0m
  [4;36;1mSQL (0.5ms)[0m   [0;1m SELECT name
 FROM sqlite_master
 WHERE type = 'table' AND NOT name = 'sqlite_sequence'
[0m
  [4;35;1mSQL (0.1ms)[0m   [0mSELECT version FROM schema_migrations[0m
  [4;36;1mSQL (0.5ms)[0m   [0;1m SELECT name
 FROM sqlite_master
 WHERE type = 'table' AND NOT name = 'sqlite_sequence'
[0m
  [4;35;1mSQL (0.3ms)[0m   [0mSELECT version FROM schema_migrations[0m
Migrating to CreateMovies (20090304034324)
  [4;36;1mSQL (0.5ms)[0m   [0;1m SELECT name
 FROM sqlite_master
 WHERE type = 'table' AND NOT name = 'sqlite_sequence'
[0m
  [4;35;1mSQL (0.1ms)[0m   [0mSELECT version FROM schema_migrations[0m
Migrating to CreateMovies (20090304034324)
  [4;36;1mSQL (0.5ms)[0m   [0;1m SELECT name
 FROM sqlite_master
 WHERE type = 'table' AND NOT name = 'sqlite_sequence'
[0m
  [4;35;1mSQL (0.1ms)[0m   [0mSELECT version FROM schema_migrations[0m
Migrating to CreateMovies (20090304034324)
  [4;36;1mSQL (0.2ms)[0m   [0;1mselect sqlite_version(*)[0m
  [4;36;1mSQL (0.5ms)[0m   [0;1m SELECT name
 FROM sqlite_master
 WHERE type = 'table' AND NOT name = 'sqlite_sequence'
[0m
  [4;35;1mSQL (0.1ms)[0m   [0mSELECT version FROM schema_migrations[0m
Migrating to CreateMovies (20090304034324)
  [4;36;1mSQL (0.2ms)[0m   [0;1mselect sqlite_version(*)[0m
  [4;36;1mSQL (0.5ms)[0m   [0;1m SELECT name
 FROM sqlite_master
 WHERE type = 'table' AND NOT name = 'sqlite_sequence'
[0m
  [4;35;1mSQL (0.1ms)[0m   [0mSELECT version FROM schema_migrations[0m
Migrating to CreateMovies (20090304034324)
  [4;36;1mSQL (0.2ms)[0m   [0;1mselect sqlite_version(*)[0m
  [4;36;1mSQL (0.5ms)[0m   [0;1m SELECT name
 FROM sqlite_master
 WHERE type = 'table' AND NOT name = 'sqlite_sequence'
[0m
  [4;35;1mSQL (0.1ms)[0m   [0mSELECT version FROM schema_migrations[0m
Migrating to CreateMovies (20090304034324)
  [4;36;1mSQL (0.2ms)[0m   [0;1mselect sqlite_version(*)[0m
  [4;35;1mSQL (3.7ms)[0m   [0mCREATE TABLE "movies" ("id" INTEGER PRIMARY KEY AUTOINCREMENT NOT NULL, "title" varchar(255), "directors" varchar(255), "actors" varchar(255), "added_date" datetime, "release_date" date, "created_at" datetime, "updated_at" datetime) [0m
  [4;36;1mSQL (2.2ms)[0m   [0;1mINSERT INTO schema_migrations (version) VALUES ('20090304034324')[0m
  [4;35;1mSQL (0.3ms)[0m   [0m SELECT name
 FROM sqlite_master
 WHERE type = 'table' AND NOT name = 'sqlite_sequence'
[0m
  [4;36;1mSQL (0.2ms)[0m   [0;1mSELECT version FROM schema_migrations[0m
  [4;35;1mSQL (0.5ms)[0m   [0m SELECT name
 FROM sqlite_master
 WHERE type = 'table' AND NOT name = 'sqlite_sequence'
[0m
  [4;36;1mSQL (0.1ms)[0m   [0;1mPRAGMA index_list("movies")[0m
  [4;36;1mSQL (0.6ms)[0m   [0;1m SELECT name
 FROM sqlite_master
 WHERE type = 'table' AND NOT name = 'sqlite_sequence'
[0m
  [4;35;1mSQL (0.4ms)[0m   [0mSELECT version FROM schema_migrations[0m
Migrating to CreateMovies (20090304034324)
  [4;36;1mSQL (0.2ms)[0m   [0;1mselect sqlite_version(*)[0m
  [4;35;1mSQL (0.2ms)[0m   [0m SELECT name
 FROM sqlite_master
 WHERE type = 'table' AND NOT name = 'sqlite_sequence'
[0m
  [4;36;1mSQL (0.2ms)[0m   [0;1mSELECT version FROM schema_migrations[0m
  [4;35;1mSQL (0.2ms)[0m   [0m SELECT name
 FROM sqlite_master
 WHERE type = 'table' AND NOT name = 'sqlite_sequence'
[0m
  [4;36;1mSQL (0.1ms)[0m   [0;1mPRAGMA index_list("movies")[0m
  [4;36;1mSQL (0.5ms)[0m   [0;1m SELECT name
 FROM sqlite_master
 WHERE type = 'table' AND NOT name = 'sqlite_sequence'
[0m
  [4;35;1mSQL (0.2ms)[0m   [0mSELECT version FROM schema_migrations[0m
Migrating to CreateMovies (20090304034324)
  [4;36;1mSQL (0.3ms)[0m   [0;1mselect sqlite_version(*)[0m
  [4;35;1mSQL (0.4ms)[0m   [0m SELECT name
 FROM sqlite_master
 WHERE type = 'table' AND NOT name = 'sqlite_sequence'
[0m
  [4;36;1mSQL (0.2ms)[0m   [0;1mSELECT version FROM schema_migrations[0m
  [4;35;1mSQL (0.3ms)[0m   [0m SELECT name
 FROM sqlite_master
 WHERE type = 'table' AND NOT name = 'sqlite_sequence'
[0m
  [4;36;1mSQL (0.1ms)[0m   [0;1mPRAGMA index_list("movies")[0m
  [4;36;1mSQL (0.7ms)[0m   [0;1m SELECT name
 FROM sqlite_master
 WHERE type = 'table' AND NOT name = 'sqlite_sequence'
[0m
  [4;35;1mSQL (0.2ms)[0m   [0mSELECT version FROM schema_migrations[0m
  [4;36;1mSQL (0.3ms)[0m   [0;1m SELECT name
 FROM sqlite_master
 WHERE type = 'table' AND NOT name = 'sqlite_sequence'
[0m
  [4;35;1mSQL (0.2ms)[0m   [0mSELECT version FROM schema_migrations[0m
Migrating to CreateMovies (20090304034324)
  [4;36;1mSQL (0.5ms)[0m   [0;1m SELECT name
 FROM sqlite_master
 WHERE type = 'table' AND NOT name = 'sqlite_sequence'
[0m
  [4;35;1mSQL (0.2ms)[0m   [0mSELECT version FROM schema_migrations[0m
  [4;36;1mSQL (0.3ms)[0m   [0;1m SELECT name
 FROM sqlite_master
 WHERE type = 'table' AND NOT name = 'sqlite_sequence'
[0m
  [4;35;1mSQL (0.2ms)[0m   [0mSELECT version FROM schema_migrations[0m
Migrating to CreateMovies (20090304034324)
  [4;36;1mSQL (3.9ms)[0m   [0;1mDROP TABLE "movies"[0m
  [4;35;1mSQL (2.4ms)[0m   [0mDELETE FROM schema_migrations WHERE version = '20090304034324'[0m
  [4;36;1mSQL (0.2ms)[0m   [0;1mselect sqlite_version(*)[0m
  [4;35;1mSQL (0.2ms)[0m   [0m SELECT name
 FROM sqlite_master
 WHERE type = 'table' AND NOT name = 'sqlite_sequence'
[0m
  [4;36;1mSQL (0.2ms)[0m   [0;1mSELECT version FROM schema_migrations[0m
  [4;35;1mSQL (0.3ms)[0m   [0m SELECT name
 FROM sqlite_master
 WHERE type = 'table' AND NOT name = 'sqlite_sequence'
[0m
  [4;36;1mSQL (0.3ms)[0m   [0;1m SELECT name
 FROM sqlite_master
 WHERE type = 'table' AND NOT name = 'sqlite_sequence'
[0m
  [4;35;1mSQL (0.2ms)[0m   [0mSELECT version FROM schema_migrations[0m
Migrating to CreateMovies (20090304034324)
  [4;36;1mSQL (2.3ms)[0m   [0;1mCREATE TABLE "movies" ("id" INTEGER PRIMARY KEY AUTOINCREMENT NOT NULL, "title" varchar(255) NOT NULL, "directors" varchar(255), "actors" varchar(255), "release_date" date, "created_at" datetime, "updated_at" datetime) [0m
  [4;35;1mSQL (1.8ms)[0m   [0mINSERT INTO schema_migrations (version) VALUES ('20090304034324')[0m
  [4;36;1mSQL (0.5ms)[0m   [0;1m SELECT name
 FROM sqlite_master
 WHERE type = 'table' AND NOT name = 'sqlite_sequence'
[0m
  [4;35;1mSQL (0.2ms)[0m   [0mSELECT version FROM schema_migrations[0m
  [4;36;1mSQL (0.3ms)[0m   [0;1m SELECT name
 FROM sqlite_master
 WHERE type = 'table' AND NOT name = 'sqlite_sequence'
[0m
  [4;35;1mSQL (0.2ms)[0m   [0mselect sqlite_version(*)[0m
  [4;36;1mSQL (3.5ms)[0m   [0;1mCREATE TABLE "schema_migrations" ("version" varchar(255) NOT NULL) [0m
  [4;35;1mSQL (2.5ms)[0m   [0mCREATE UNIQUE INDEX "unique_schema_migrations" ON "schema_migrations" ("version")[0m
  [4;36;1mSQL (0.4ms)[0m   [0;1m SELECT name
 FROM sqlite_master
 WHERE type = 'table' AND NOT name = 'sqlite_sequence'
[0m
  [4;35;1mSQL (0.1ms)[0m   [0mSELECT version FROM "schema_migrations"[0m
  [4;36;1mSQL (3.3ms)[0m   [0;1mINSERT INTO "schema_migrations" (version) VALUES ('0')[0m
  [4;36;1mSQL (10.0ms)[0m   [0;1m SELECT name
 FROM sqlite_master
 WHERE type = 'table' AND NOT name = 'sqlite_sequence'
[0m
  [4;35;1mSQL (0.0ms)[0m   [0mselect sqlite_version(*)[0m
  [4;36;1mSQL (10.0ms)[0m   [0;1mCREATE TABLE "schema_migrations" ("version" varchar(255) NOT NULL) [0m
  [4;35;1mSQL (10.0ms)[0m   [0mCREATE UNIQUE INDEX "unique_schema_migrations" ON "schema_migrations" ("version")[0m
  [4;36;1mSQL (0.0ms)[0m   [0;1m SELECT name
 FROM sqlite_master
 WHERE type = 'table' AND NOT name = 'sqlite_sequence'
[0m
  [4;35;1mSQL (0.0ms)[0m   [0mSELECT version FROM schema_migrations[0m
  [4;36;1mSQL (0.0ms)[0m   [0;1m SELECT name
 FROM sqlite_master
 WHERE type = 'table' AND NOT name = 'sqlite_sequence'
[0m
  [4;35;1mSQL (0.0ms)[0m   [0mSELECT version FROM schema_migrations[0m
Migrating to CreateMovies (20090304034324)
  [4;36;1mSQL (0.0ms)[0m   [0;1mselect sqlite_version(*)[0m
  [4;35;1mSQL (10.0ms)[0m   [0mCREATE TABLE "movies" ("id" INTEGER PRIMARY KEY AUTOINCREMENT NOT NULL, "title" varchar(255) NOT NULL, "directors" varchar(255), "actors" varchar(255), "release_date" date, "created_at" datetime, "updated_at" datetime) [0m
  [4;36;1mSQL (20.0ms)[0m   [0;1mINSERT INTO schema_migrations (version) VALUES ('20090304034324')[0m
  [4;35;1mSQL (0.0ms)[0m   [0m SELECT name
 FROM sqlite_master
 WHERE type = 'table' AND NOT name = 'sqlite_sequence'
[0m
  [4;36;1mSQL (0.0ms)[0m   [0;1mSELECT version FROM schema_migrations[0m
  [4;35;1mSQL (0.0ms)[0m   [0m SELECT name
 FROM sqlite_master
 WHERE type = 'table' AND NOT name = 'sqlite_sequence'
[0m
  [4;36;1mSQL (0.0ms)[0m   [0;1mPRAGMA index_list("movies")[0m
  [4;36;1mSQL (0.0ms)[0m   [0;1m SELECT name
 FROM sqlite_master
 WHERE type = 'table' AND NOT name = 'sqlite_sequence'
[0m
  [4;35;1mSQL (0.0ms)[0m   [0mSELECT version FROM schema_migrations[0m
  [4;36;1mSQL (0.0ms)[0m   [0;1mselect sqlite_version(*)[0m
  [4;35;1mSQL (0.0ms)[0m   [0m SELECT name
 FROM sqlite_master
 WHERE type = 'table' AND NOT name = 'sqlite_sequence'
[0m
  [4;36;1mSQL (0.0ms)[0m   [0;1mCREATE TABLE "movies" ("id" INTEGER PRIMARY KEY AUTOINCREMENT NOT NULL, "title" varchar(255) NOT NULL, "directors" varchar(255), "actors" varchar(255), "release_date" date, "created_at" datetime, "updated_at" datetime) [0m
  [4;35;1mSQL (0.0ms)[0m   [0m SELECT name
 FROM sqlite_master
 WHERE type = 'table' AND NOT name = 'sqlite_sequence'
[0m
  [4;36;1mSQL (10.0ms)[0m   [0;1mCREATE TABLE "schema_migrations" ("version" varchar(255) NOT NULL) [0m
  [4;35;1mSQL (41.0ms)[0m   [0mCREATE UNIQUE INDEX "unique_schema_migrations" ON "schema_migrations" ("version")[0m
  [4;36;1mSQL (0.0ms)[0m   [0;1m SELECT name
 FROM sqlite_master
 WHERE type = 'table' AND NOT name = 'sqlite_sequence'
[0m
  [4;35;1mSQL (0.0ms)[0m   [0mSELECT version FROM "schema_migrations"[0m
  [4;36;1mSQL (10.0ms)[0m   [0;1mINSERT INTO "schema_migrations" (version) VALUES ('20090304034324')[0m
  [4;36;1mSQL (0.0ms)[0m   [0;1m SELECT name
 FROM sqlite_master
 WHERE type = 'table' AND NOT name = 'sqlite_sequence'
[0m
  [4;35;1mSQL (0.0ms)[0m   [0mSELECT version FROM schema_migrations[0m
  [4;36;1mSQL (0.0ms)[0m   [0;1mselect sqlite_version(*)[0m
  [4;35;1mSQL (0.0ms)[0m   [0m SELECT name
 FROM sqlite_master
 WHERE type = 'table' AND NOT name = 'sqlite_sequence'
[0m
  [4;36;1mSQL (30.0ms)[0m   [0;1mCREATE TABLE "movies" ("id" INTEGER PRIMARY KEY AUTOINCREMENT NOT NULL, "title" varchar(255) NOT NULL, "directors" varchar(255), "actors" varchar(255), "release_date" date, "created_at" datetime, "updated_at" datetime) [0m
  [4;35;1mSQL (10.0ms)[0m   [0m SELECT name
 FROM sqlite_master
 WHERE type = 'table' AND NOT name = 'sqlite_sequence'
[0m
  [4;36;1mSQL (10.0ms)[0m   [0;1mCREATE TABLE "schema_migrations" ("version" varchar(255) NOT NULL) [0m
  [4;35;1mSQL (20.0ms)[0m   [0mCREATE UNIQUE INDEX "unique_schema_migrations" ON "schema_migrations" ("version")[0m
  [4;36;1mSQL (0.0ms)[0m   [0;1m SELECT name
 FROM sqlite_master
 WHERE type = 'table' AND NOT name = 'sqlite_sequence'
[0m
  [4;35;1mSQL (0.0ms)[0m   [0mSELECT version FROM "schema_migrations"[0m
  [4;36;1mSQL (10.0ms)[0m   [0;1mINSERT INTO "schema_migrations" (version) VALUES ('20090304034324')[0m
  [4;36;1mSQL (0.0ms)[0m   [0;1m SELECT name
 FROM sqlite_master
 WHERE type = 'table' AND NOT name = 'sqlite_sequence'
[0m
  [4;35;1mSQL (0.0ms)[0m   [0mSELECT version FROM schema_migrations[0m
  [4;36;1mSQL (0.0ms)[0m   [0;1mselect sqlite_version(*)[0m
  [4;35;1mSQL (0.0ms)[0m   [0m SELECT name
 FROM sqlite_master
 WHERE type = 'table' AND NOT name = 'sqlite_sequence'
[0m
  [4;36;1mSQL (10.0ms)[0m   [0;1mCREATE TABLE "movies" ("id" INTEGER PRIMARY KEY AUTOINCREMENT NOT NULL, "title" varchar(255) NOT NULL, "directors" varchar(255), "actors" varchar(255), "release_date" date, "created_at" datetime, "updated_at" datetime) [0m
  [4;35;1mSQL (0.0ms)[0m   [0m SELECT name
 FROM sqlite_master
 WHERE type = 'table' AND NOT name = 'sqlite_sequence'
[0m
  [4;36;1mSQL (10.0ms)[0m   [0;1mCREATE TABLE "schema_migrations" ("version" varchar(255) NOT NULL) [0m
  [4;35;1mSQL (10.0ms)[0m   [0mCREATE UNIQUE INDEX "unique_schema_migrations" ON "schema_migrations" ("version")[0m
  [4;36;1mSQL (0.0ms)[0m   [0;1m SELECT name
 FROM sqlite_master
 WHERE type = 'table' AND NOT name = 'sqlite_sequence'
[0m
  [4;35;1mSQL (0.0ms)[0m   [0mSELECT version FROM "schema_migrations"[0m
  [4;36;1mSQL (10.0ms)[0m   [0;1mINSERT INTO "schema_migrations" (version) VALUES ('20090304034324')[0m
  [4;36;1mSQL (10.0ms)[0m   [0;1m SELECT name
 FROM sqlite_master
 WHERE type = 'table' AND NOT name = 'sqlite_sequence'
[0m
  [4;35;1mSQL (0.0ms)[0m   [0mSELECT version FROM schema_migrations[0m
  [4;36;1mSQL (0.0ms)[0m   [0;1mselect sqlite_version(*)[0m
  [4;35;1mSQL (0.0ms)[0m   [0m SELECT name
 FROM sqlite_master
 WHERE type = 'table' AND NOT name = 'sqlite_sequence'
[0m
  [4;36;1mSQL (20.0ms)[0m   [0;1mCREATE TABLE "movies" ("id" INTEGER PRIMARY KEY AUTOINCREMENT NOT NULL, "title" varchar(255) NOT NULL, "directors" varchar(255), "actors" varchar(255), "release_date" date, "created_at" datetime, "updated_at" datetime) [0m
  [4;35;1mSQL (0.0ms)[0m   [0m SELECT name
 FROM sqlite_master
 WHERE type = 'table' AND NOT name = 'sqlite_sequence'
[0m
  [4;36;1mSQL (10.0ms)[0m   [0;1mCREATE TABLE "schema_migrations" ("version" varchar(255) NOT NULL) [0m
  [4;35;1mSQL (10.0ms)[0m   [0mCREATE UNIQUE INDEX "unique_schema_migrations" ON "schema_migrations" ("version")[0m
  [4;36;1mSQL (0.0ms)[0m   [0;1m SELECT name
 FROM sqlite_master
 WHERE type = 'table' AND NOT name = 'sqlite_sequence'
[0m
  [4;35;1mSQL (0.0ms)[0m   [0mSELECT version FROM "schema_migrations"[0m
  [4;36;1mSQL (10.0ms)[0m   [0;1mINSERT INTO "schema_migrations" (version) VALUES ('20090304034324')[0m
  [4;36;1mSQL (0.0ms)[0m   [0;1m SELECT name
 FROM sqlite_master
 WHERE type = 'table' AND NOT name = 'sqlite_sequence'
[0m
  [4;35;1mSQL (0.0ms)[0m   [0mSELECT version FROM schema_migrations[0m
  [4;36;1mSQL (10.0ms)[0m   [0;1mselect sqlite_version(*)[0m
  [4;35;1mSQL (0.0ms)[0m   [0m SELECT name
 FROM sqlite_master
 WHERE type = 'table' AND NOT name = 'sqlite_sequence'
[0m
  [4;36;1mSQL (10.0ms)[0m   [0;1mCREATE TABLE "movies" ("id" INTEGER PRIMARY KEY AUTOINCREMENT NOT NULL, "title" varchar(255) NOT NULL, "directors" varchar(255), "actors" varchar(255), "release_date" date, "created_at" datetime, "updated_at" datetime) [0m
  [4;35;1mSQL (10.0ms)[0m   [0m SELECT name
 FROM sqlite_master
 WHERE type = 'table' AND NOT name = 'sqlite_sequence'
[0m
  [4;36;1mSQL (10.0ms)[0m   [0;1mCREATE TABLE "schema_migrations" ("version" varchar(255) NOT NULL) [0m
  [4;35;1mSQL (10.0ms)[0m   [0mCREATE UNIQUE INDEX "unique_schema_migrations" ON "schema_migrations" ("version")[0m
  [4;36;1mSQL (0.0ms)[0m   [0;1m SELECT name
 FROM sqlite_master
 WHERE type = 'table' AND NOT name = 'sqlite_sequence'
[0m
  [4;35;1mSQL (0.0ms)[0m   [0mSELECT version FROM "schema_migrations"[0m
  [4;36;1mSQL (20.0ms)[0m   [0;1mINSERT INTO "schema_migrations" (version) VALUES ('20090304034324')[0m
  [4;36;1mSQL (0.0ms)[0m   [0;1m SELECT name
 FROM sqlite_master
 WHERE type = 'table' AND NOT name = 'sqlite_sequence'
[0m
  [4;35;1mSQL (0.0ms)[0m   [0mSELECT version FROM schema_migrations[0m
  [4;36;1mSQL (0.0ms)[0m   [0;1mselect sqlite_version(*)[0m
  [4;35;1mSQL (0.0ms)[0m   [0m SELECT name
 FROM sqlite_master
 WHERE type = 'table' AND NOT name = 'sqlite_sequence'
[0m
  [4;36;1mSQL (10.0ms)[0m   [0;1mCREATE TABLE "movies" ("id" INTEGER PRIMARY KEY AUTOINCREMENT NOT NULL, "title" varchar(255) NOT NULL, "directors" varchar(255), "actors" varchar(255), "release_date" date, "created_at" datetime, "updated_at" datetime) [0m
  [4;35;1mSQL (0.0ms)[0m   [0m SELECT name
 FROM sqlite_master
 WHERE type = 'table' AND NOT name = 'sqlite_sequence'
[0m
  [4;36;1mSQL (10.0ms)[0m   [0;1mCREATE TABLE "schema_migrations" ("version" varchar(255) NOT NULL) [0m
  [4;35;1mSQL (10.0ms)[0m   [0mCREATE UNIQUE INDEX "unique_schema_migrations" ON "schema_migrations" ("version")[0m
  [4;36;1mSQL (0.0ms)[0m   [0;1m SELECT name
 FROM sqlite_master
 WHERE type = 'table' AND NOT name = 'sqlite_sequence'
[0m
  [4;35;1mSQL (0.0ms)[0m   [0mSELECT version FROM "schema_migrations"[0m
  [4;36;1mSQL (10.0ms)[0m   [0;1mINSERT INTO "schema_migrations" (version) VALUES ('20090304034324')[0m
  [4;36;1mSQL (20.0ms)[0m   [0;1m SELECT name
 FROM sqlite_master
 WHERE type = 'table' AND NOT name = 'sqlite_sequence'
[0m
  [4;35;1mSQL (0.0ms)[0m   [0mSELECT version FROM schema_migrations[0m
  [4;36;1mSQL (0.0ms)[0m   [0;1mselect sqlite_version(*)[0m
  [4;35;1mSQL (0.0ms)[0m   [0m SELECT name
 FROM sqlite_master
 WHERE type = 'table' AND NOT name = 'sqlite_sequence'
[0m
  [4;36;1mSQL (10.0ms)[0m   [0;1mCREATE TABLE "movies" ("id" INTEGER PRIMARY KEY AUTOINCREMENT NOT NULL, "title" varchar(255) NOT NULL, "directors" varchar(255), "actors" varchar(255), "release_date" date, "created_at" datetime, "updated_at" datetime) [0m
  [4;35;1mSQL (10.0ms)[0m   [0m SELECT name
 FROM sqlite_master
 WHERE type = 'table' AND NOT name = 'sqlite_sequence'
[0m
  [4;36;1mSQL (0.0ms)[0m   [0;1mCREATE TABLE "schema_migrations" ("version" varchar(255) NOT NULL) [0m
  [4;35;1mSQL (0.0ms)[0m   [0mCREATE UNIQUE INDEX "unique_schema_migrations" ON "schema_migrations" ("version")[0m
  [4;36;1mSQL (0.0ms)[0m   [0;1m SELECT name
 FROM sqlite_master
 WHERE type = 'table' AND NOT name = 'sqlite_sequence'
[0m
  [4;35;1mSQL (0.0ms)[0m   [0mSELECT version FROM "schema_migrations"[0m
  [4;36;1mSQL (10.0ms)[0m   [0;1mINSERT INTO "schema_migrations" (version) VALUES ('20090304034324')[0m
  [4;36;1mSQL (0.0ms)[0m   [0;1m SELECT name
 FROM sqlite_master
 WHERE type = 'table' AND NOT name = 'sqlite_sequence'
[0m
  [4;35;1mSQL (10.0ms)[0m   [0mSELECT version FROM schema_migrations[0m
  [4;36;1mSQL (10.0ms)[0m   [0;1mselect sqlite_version(*)[0m
  [4;35;1mSQL (0.0ms)[0m   [0m SELECT name
 FROM sqlite_master
 WHERE type = 'table' AND NOT name = 'sqlite_sequence'
[0m
  [4;36;1mSQL (51.0ms)[0m   [0;1mCREATE TABLE "movies" ("id" INTEGER PRIMARY KEY AUTOINCREMENT NOT NULL, "title" varchar(255) NOT NULL, "directors" varchar(255), "actors" varchar(255), "release_date" date, "created_at" datetime, "updated_at" datetime) [0m
  [4;35;1mSQL (0.0ms)[0m   [0m SELECT name
 FROM sqlite_master
 WHERE type = 'table' AND NOT name = 'sqlite_sequence'
[0m
  [4;36;1mSQL (10.0ms)[0m   [0;1mCREATE TABLE "schema_migrations" ("version" varchar(255) NOT NULL) [0m
  [4;35;1mSQL (10.0ms)[0m   [0mCREATE UNIQUE INDEX "unique_schema_migrations" ON "schema_migrations" ("version")[0m
  [4;36;1mSQL (0.0ms)[0m   [0;1m SELECT name
 FROM sqlite_master
 WHERE type = 'table' AND NOT name = 'sqlite_sequence'
[0m
  [4;35;1mSQL (0.0ms)[0m   [0mSELECT version FROM "schema_migrations"[0m
  [4;36;1mSQL (10.0ms)[0m   [0;1mINSERT INTO "schema_migrations" (version) VALUES ('20090304034324')[0m
  [4;36;1mSQL (10.0ms)[0m   [0;1m SELECT name
 FROM sqlite_master
 WHERE type = 'table' AND NOT name = 'sqlite_sequence'
[0m
  [4;35;1mSQL (10.0ms)[0m   [0mSELECT version FROM schema_migrations[0m
  [4;36;1mSQL (0.0ms)[0m   [0;1mselect sqlite_version(*)[0m
  [4;35;1mSQL (0.0ms)[0m   [0m SELECT name
 FROM sqlite_master
 WHERE type = 'table' AND NOT name = 'sqlite_sequence'
[0m
  [4;36;1mSQL (20.0ms)[0m   [0;1mCREATE TABLE "movies" ("id" INTEGER PRIMARY KEY AUTOINCREMENT NOT NULL, "title" varchar(255) NOT NULL, "directors" varchar(255), "actors" varchar(255), "release_date" date, "created_at" datetime, "updated_at" datetime) [0m
  [4;35;1mSQL (0.0ms)[0m   [0m SELECT name
 FROM sqlite_master
 WHERE type = 'table' AND NOT name = 'sqlite_sequence'
[0m
  [4;36;1mSQL (10.0ms)[0m   [0;1mCREATE TABLE "schema_migrations" ("version" varchar(255) NOT NULL) [0m
  [4;35;1mSQL (50.0ms)[0m   [0mCREATE UNIQUE INDEX "unique_schema_migrations" ON "schema_migrations" ("version")[0m
  [4;36;1mSQL (0.0ms)[0m   [0;1m SELECT name
 FROM sqlite_master
 WHERE type = 'table' AND NOT name = 'sqlite_sequence'
[0m
  [4;35;1mSQL (0.0ms)[0m   [0mSELECT version FROM "schema_migrations"[0m
  [4;36;1mSQL (30.0ms)[0m   [0;1mINSERT INTO "schema_migrations" (version) VALUES ('20090304034324')[0m
  [4;36;1mSQL (20.0ms)[0m   [0;1m SELECT name
 FROM sqlite_master
 WHERE type = 'table' AND NOT name = 'sqlite_sequence'
[0m
  [4;35;1mSQL (0.0ms)[0m   [0mSELECT version FROM schema_migrations[0m
  [4;36;1mSQL (0.0ms)[0m   [0;1mselect sqlite_version(*)[0m
  [4;35;1mSQL (0.0ms)[0m   [0m SELECT name
 FROM sqlite_master
 WHERE type = 'table' AND NOT name = 'sqlite_sequence'
[0m
  [4;36;1mSQL (20.0ms)[0m   [0;1mCREATE TABLE "movies" ("id" INTEGER PRIMARY KEY AUTOINCREMENT NOT NULL, "title" varchar(255) NOT NULL, "directors" varchar(255), "actors" varchar(255), "release_date" date, "created_at" datetime, "updated_at" datetime) [0m
  [4;35;1mSQL (10.0ms)[0m   [0m SELECT name
 FROM sqlite_master
 WHERE type = 'table' AND NOT name = 'sqlite_sequence'
[0m
  [4;36;1mSQL (20.0ms)[0m   [0;1mCREATE TABLE "schema_migrations" ("version" varchar(255) NOT NULL) [0m
  [4;35;1mSQL (20.0ms)[0m   [0mCREATE UNIQUE INDEX "unique_schema_migrations" ON "schema_migrations" ("version")[0m
  [4;36;1mSQL (0.0ms)[0m   [0;1m SELECT name
 FROM sqlite_master
 WHERE type = 'table' AND NOT name = 'sqlite_sequence'
[0m
  [4;35;1mSQL (0.0ms)[0m   [0mSELECT version FROM "schema_migrations"[0m
  [4;36;1mSQL (10.0ms)[0m   [0;1mINSERT INTO "schema_migrations" (version) VALUES ('20090304034324')[0m
  [4;36;1mSQL (10.0ms)[0m   [0;1m SELECT name
 FROM sqlite_master
 WHERE type = 'table' AND NOT name = 'sqlite_sequence'
[0m
  [4;35;1mSQL (0.0ms)[0m   [0mSELECT version FROM schema_migrations[0m
  [4;36;1mSQL (0.0ms)[0m   [0;1mselect sqlite_version(*)[0m
  [4;35;1mSQL (10.0ms)[0m   [0m SELECT name
 FROM sqlite_master
 WHERE type = 'table' AND NOT name = 'sqlite_sequence'
[0m
  [4;36;1mSQL (20.0ms)[0m   [0;1mCREATE TABLE "movies" ("id" INTEGER PRIMARY KEY AUTOINCREMENT NOT NULL, "title" varchar(255) NOT NULL, "directors" varchar(255), "actors" varchar(255), "release_date" date, "created_at" datetime, "updated_at" datetime) [0m
  [4;35;1mSQL (0.0ms)[0m   [0m SELECT name
 FROM sqlite_master
 WHERE type = 'table' AND NOT name = 'sqlite_sequence'
[0m
  [4;36;1mSQL (20.0ms)[0m   [0;1mCREATE TABLE "schema_migrations" ("version" varchar(255) NOT NULL) [0m
  [4;35;1mSQL (20.0ms)[0m   [0mCREATE UNIQUE INDEX "unique_schema_migrations" ON "schema_migrations" ("version")[0m
  [4;36;1mSQL (0.0ms)[0m   [0;1m SELECT name
 FROM sqlite_master
 WHERE type = 'table' AND NOT name = 'sqlite_sequence'
[0m
  [4;35;1mSQL (0.0ms)[0m   [0mSELECT version FROM "schema_migrations"[0m
  [4;36;1mSQL (10.0ms)[0m   [0;1mINSERT INTO "schema_migrations" (version) VALUES ('20090304034324')[0m
